<?xml version="1.0" encoding="UTF-8"?>
<!-- Generated by org.testng.reporters.JUnitReportReporter -->
<testsuite name="com.seleniummaven.search.Search" tests="1" time="317.500" ignored="0" failures="0" timestamp="27 Nov 2017 15:28:11 GMT" skipped="0" hostname="LAPTOP-ST268433" errors="0">
  <testcase name="validateSearch" time="317.500" classname="com.seleniummaven.search.Search"/>
</testsuite> <!-- com.seleniummaven.search.Search -->
