<?xml version="1.0" encoding="UTF-8"?>
<!-- Generated by org.testng.reporters.JUnitReportReporter -->
<testsuite name="com.seleniummaven.search.test" tests="1" time="18.406" ignored="0" failures="0" timestamp="22 Nov 2017 14:41:48 GMT" skipped="0" hostname="LAPTOP-ST268433" errors="0">
  <testcase name="testmethod" time="18.406" classname="com.seleniummaven.search.test"/>
</testsuite> <!-- com.seleniummaven.search.test -->
